\BOOKMARK [0][-]{chapter.1}{\376\377\000I\000n\000t\000r\000o\000d\000u\000c\000t\000i\000o\000n}{}% 1
\BOOKMARK [1][-]{section.1.1}{\376\377\000F\000o\000r\000m\000a\000t\000t\000i\000n\000g}{chapter.1}% 2
\BOOKMARK [0][-]{chapter.2}{\376\377\000C\000h\000a\000n\000g\000e\000\040\000L\000o\000g}{}% 3
\BOOKMARK [1][-]{section.2.1}{\376\377\000G\000C\000A\000P\000\040\000S\000i\000m\000u\000l\000a\000t\000i\000o\000n\000s}{chapter.2}% 4
\BOOKMARK [1][-]{section.2.2}{\376\377\000G\000r\000a\000n\000d\000\040\000C\000a\000n\000o\000n\000i\000c\000a\000l\000\040\000I\000n\000t\000e\000g\000r\000a\000t\000i\000o\000n}{chapter.2}% 5
\BOOKMARK [1][-]{section.2.3}{\376\377\000F\000r\000e\000e\000\040\000E\000n\000e\000r\000g\000y\000\040\000C\000a\000l\000c\000u\000l\000a\000t\000i\000o\000n\000s}{chapter.2}% 6
\BOOKMARK [1][-]{section.2.4}{\376\377\000p\000r\000o\000t\000o\000m\000s\000l\000i\000b}{chapter.2}% 7
\BOOKMARK [1][-]{section.2.5}{\376\377\000R\000e\000s\000t\000a\000r\000t\000i\000n\000g\000\040\000S\000i\000m\000u\000l\000a\000t\000i\000o\000n\000s}{chapter.2}% 8
\BOOKMARK [1][-]{section.2.6}{\376\377\000W\000a\000t\000e\000r\000\040\000C\000l\000u\000s\000t\000e\000r\000i\000n\000g}{chapter.2}% 9
\BOOKMARK [0][-]{chapter.3}{\376\377\000C\000o\000m\000p\000i\000l\000a\000t\000i\000o\000n\000\040\000a\000n\000d\000\040\000I\000n\000s\000t\000a\000l\000l\000a\000t\000i\000o\000n}{}% 10
\BOOKMARK [1][-]{section.3.1}{\376\377\000P\000r\000o\000g\000r\000a\000m\000m\000i\000n\000g\000\040\000L\000a\000n\000g\000u\000a\000g\000e}{chapter.3}% 11
\BOOKMARK [1][-]{section.3.2}{\376\377\000R\000e\000q\000u\000i\000r\000e\000m\000e\000n\000t\000s}{chapter.3}% 12
\BOOKMARK [1][-]{section.3.3}{\376\377\000I\000n\000s\000t\000a\000l\000l\000i\000n\000g\000\040\000P\000r\000o\000t\000o\000M\000S}{chapter.3}% 13
\BOOKMARK [1][-]{section.3.4}{\376\377\000C\000u\000s\000t\000o\000m\000i\000s\000i\000n\000g\000\040\000t\000h\000e\000\040\000B\000u\000i\000l\000d}{chapter.3}% 14
\BOOKMARK [1][-]{section.3.5}{\376\377\000U\000s\000i\000n\000g\000\040\000D\000o\000c\000k\000e\000r}{chapter.3}% 15
\BOOKMARK [0][-]{chapter.4}{\376\377\000D\000e\000s\000i\000g\000n\000\040\000o\000f\000\040\000P\000r\000o\000t\000o\000M\000S}{}% 16
\BOOKMARK [1][-]{section.4.1}{\376\377\000P\000r\000o\000t\000e\000i\000n\000s\000\040\000/\000\040\000S\000o\000l\000u\000t\000e\000s\000\040\000/\000\040\000S\000o\000l\000v\000e\000n\000t\000s\000\040\000/\000\040\000G\000C\000S\000o\000l\000u\000t\000e\000s}{chapter.4}% 17
\BOOKMARK [1][-]{section.4.2}{\376\377\000C\000l\000a\000s\000s\000i\000c\000a\000l\000\040\000f\000o\000r\000c\000e\000f\000i\000e\000l\000d\000s}{chapter.4}% 18
\BOOKMARK [1][-]{section.4.3}{\376\377\000P\000e\000r\000t\000u\000r\000b\000a\000t\000i\000o\000n\000s}{chapter.4}% 19
\BOOKMARK [1][-]{section.4.4}{\376\377\000G\000e\000n\000e\000r\000i\000c\000\040\000M\000o\000v\000e\000s}{chapter.4}% 20
\BOOKMARK [0][-]{chapter.5}{\376\377\000E\000x\000e\000c\000u\000t\000i\000n\000g\000\040\000P\000r\000o\000t\000o\000M\000S}{}% 21
\BOOKMARK [1][-]{section.5.1}{\376\377\000F\000i\000l\000e\000\040\000o\000u\000t\000p\000u\000t}{chapter.5}% 22
\BOOKMARK [1][-]{section.5.2}{\376\377\000S\000i\000m\000u\000l\000a\000t\000i\000o\000n\000\040\000p\000a\000r\000a\000m\000e\000t\000e\000r\000s}{chapter.5}% 23
\BOOKMARK [1][-]{section.5.3}{\376\377\000S\000p\000e\000c\000i\000f\000y\000i\000n\000g\000\040\000i\000n\000p\000u\000t\000\040\000f\000i\000l\000e\000s}{chapter.5}% 24
\BOOKMARK [1][-]{section.5.4}{\376\377\000R\000u\000n\000n\000i\000n\000g\000\040\000a\000\040\000S\000i\000m\000u\000l\000a\000t\000i\000o\000n}{chapter.5}% 25
\BOOKMARK [1][-]{section.5.5}{\376\377\000S\000e\000t\000u\000p\000\040\000a\000n\000d\000\040\000a\000n\000a\000l\000y\000s\000i\000s\000\040\000t\000o\000o\000l\000s}{chapter.5}% 26
\BOOKMARK [0][-]{chapter.6}{\376\377\000I\000n\000p\000u\000t\000\040\000F\000i\000l\000e\000s}{}% 27
\BOOKMARK [1][-]{section.6.1}{\376\377\000P\000a\000r\000a\000m\000e\000t\000e\000r\000\040\000/\000\040\000F\000o\000r\000c\000e\000f\000i\000e\000l\000d\000\040\000F\000i\000l\000e\000s}{chapter.6}% 28
\BOOKMARK [1][-]{section.6.2}{\376\377\000T\000e\000m\000p\000l\000a\000t\000e\000s}{chapter.6}% 29
\BOOKMARK [1][-]{section.6.3}{\376\377\000A\000u\000t\000o\000m\000a\000t\000e\000d\000\040\000C\000r\000e\000a\000t\000i\000o\000n\000\040\000o\000f\000\040\000P\000a\000r\000a\000m\000e\000t\000e\000r\000\040\000a\000n\000d\000\040\000T\000e\000m\000p\000l\000a\000t\000e\000\040\000F\000i\000l\000e\000s}{chapter.6}% 30
\BOOKMARK [1][-]{section.6.4}{\376\377\000P\000r\000o\000t\000e\000i\000n\000\040\000F\000i\000l\000e}{chapter.6}% 31
\BOOKMARK [1][-]{section.6.5}{\376\377\000S\000o\000l\000u\000t\000e\000\040\000F\000i\000l\000e}{chapter.6}% 32
\BOOKMARK [1][-]{section.6.6}{\376\377\000G\000C\000s\000o\000l\000u\000t\000e\000\040\000F\000i\000l\000e}{chapter.6}% 33
\BOOKMARK [1][-]{section.6.7}{\376\377\000S\000o\000l\000v\000e\000n\000t\000\040\000F\000i\000l\000e}{chapter.6}% 34
\BOOKMARK [1][-]{section.6.8}{\376\377\000R\000e\000s\000t\000a\000r\000t\000\040\000F\000i\000l\000e}{chapter.6}% 35
\BOOKMARK [0][-]{chapter.7}{\376\377\000p\000r\000o\000t\000o\000m\000s\000.\000p\000y}{}% 36
\BOOKMARK [0][-]{chapter.8}{\376\377\000T\000o\000o\000l\000s}{}% 37
\BOOKMARK [1][-]{section.8.1}{\376\377\000a\000m\000b\000e\000r\000t\000o\000o\000l\000s\000.\000p\000y}{chapter.8}% 38
\BOOKMARK [1][-]{section.8.2}{\376\377\000b\000u\000i\000l\000d\000\137\000t\000e\000m\000p\000l\000a\000t\000e\000.\000p\000y}{chapter.8}% 39
\BOOKMARK [1][-]{section.8.3}{\376\377\000c\000a\000l\000c\000\137\000c\000l\000u\000s\000t\000e\000r\000s\000.\000p\000y}{chapter.8}% 40
\BOOKMARK [1][-]{section.8.4}{\376\377\000c\000a\000l\000c\000\137\000d\000e\000n\000s\000i\000t\000y\000.\000p\000y}{chapter.8}% 41
\BOOKMARK [1][-]{section.8.5}{\376\377\000c\000a\000l\000c\000\137\000d\000g\000.\000p\000y}{chapter.8}% 42
\BOOKMARK [1][-]{section.8.6}{\376\377\000c\000a\000l\000c\000\137\000d\000g\000\137\000c\000y\000c\000l\000e\000.\000p\000y}{chapter.8}% 43
\BOOKMARK [1][-]{section.8.7}{\376\377\000c\000a\000l\000c\000\137\000g\000c\000a\000p\000\137\000s\000u\000r\000f\000a\000c\000e\000.\000p\000y}{chapter.8}% 44
\BOOKMARK [1][-]{section.8.8}{\376\377\000c\000a\000l\000c\000\137\000r\000e\000p\000l\000i\000c\000a\000p\000a\000t\000h\000.\000p\000y}{chapter.8}% 45
\BOOKMARK [1][-]{section.8.9}{\376\377\000c\000a\000l\000c\000\137\000r\000m\000s\000d\000.\000p\000y}{chapter.8}% 46
\BOOKMARK [1][-]{section.8.10}{\376\377\000c\000a\000l\000c\000\137\000s\000e\000r\000i\000e\000s\000.\000p\000y}{chapter.8}% 47
\BOOKMARK [1][-]{section.8.11}{\376\377\000c\000a\000l\000c\000\137\000t\000i\000\137\000d\000e\000c\000o\000m\000p\000o\000s\000e\000d\000.\000p\000y}{chapter.8}% 48
\BOOKMARK [1][-]{section.8.12}{\376\377\000c\000l\000e\000a\000r\000\137\000g\000c\000m\000c\000b\000o\000x\000.\000p\000y}{chapter.8}% 49
\BOOKMARK [1][-]{section.8.13}{\376\377\000c\000o\000n\000v\000e\000r\000t\000a\000t\000o\000m\000n\000a\000m\000e\000s\000.\000p\000y}{chapter.8}% 50
\BOOKMARK [1][-]{section.8.14}{\376\377\000c\000o\000n\000v\000e\000r\000t\000w\000a\000t\000e\000r\000.\000p\000y}{chapter.8}% 51
\BOOKMARK [1][-]{section.8.15}{\376\377\000d\000i\000s\000t\000r\000i\000b\000u\000t\000e\000\137\000w\000a\000t\000e\000r\000s\000.\000p\000y}{chapter.8}% 52
\BOOKMARK [1][-]{section.8.16}{\376\377\000d\000i\000v\000i\000d\000e\000\137\000p\000d\000b\000.\000p\000y}{chapter.8}% 53
\BOOKMARK [1][-]{section.8.17}{\376\377\000g\000e\000n\000e\000r\000a\000t\000e\000\137\000i\000n\000p\000u\000t\000.\000p\000y}{chapter.8}% 54
\BOOKMARK [1][-]{section.8.18}{\376\377\000m\000a\000k\000e\000\137\000d\000u\000m\000m\000y\000.\000p\000y}{chapter.8}% 55
\BOOKMARK [1][-]{section.8.19}{\376\377\000m\000a\000k\000e\000\137\000g\000c\000m\000c\000b\000o\000x\000.\000p\000y}{chapter.8}% 56
\BOOKMARK [1][-]{section.8.20}{\376\377\000m\000a\000k\000e\000\137\000s\000i\000n\000g\000l\000e\000.\000p\000y}{chapter.8}% 57
\BOOKMARK [1][-]{section.8.21}{\376\377\000m\000e\000r\000g\000e\000\137\000t\000e\000m\000p\000l\000a\000t\000e\000s\000.\000p\000y}{chapter.8}% 58
\BOOKMARK [1][-]{section.8.22}{\376\377\000p\000l\000o\000t\000\137\000t\000h\000e\000t\000a\000.\000p\000y}{chapter.8}% 59
\BOOKMARK [1][-]{section.8.23}{\376\377\000s\000c\000o\000o\000p\000.\000p\000y}{chapter.8}% 60
\BOOKMARK [1][-]{section.8.24}{\376\377\000s\000o\000l\000v\000a\000t\000e\000.\000p\000y}{chapter.8}% 61
\BOOKMARK [1][-]{section.8.25}{\376\377\000s\000p\000l\000i\000t\000\137\000j\000a\000w\000s\000w\000a\000t\000e\000r\000.\000p\000y}{chapter.8}% 62
\BOOKMARK [0][-]{chapter.9}{\376\377\000T\000e\000s\000t\000\040\000S\000u\000i\000t\000e}{}% 63
\BOOKMARK [1][-]{section.9.1}{\376\377\000D\000e\000p\000e\000n\000d\000e\000n\000c\000i\000e\000s}{chapter.9}% 64
\BOOKMARK [1][-]{section.9.2}{\376\377\000R\000u\000n\000n\000i\000n\000g\000\040\000a\000l\000l\000\040\000t\000e\000s\000t\000s}{chapter.9}% 65
\BOOKMARK [1][-]{section.9.3}{\376\377\000I\000n\000d\000i\000v\000i\000d\000u\000a\000l\000\040\000t\000e\000s\000t\000s}{chapter.9}% 66
\BOOKMARK [0][-]{section*.62}{\376\377\000I\000n\000d\000e\000x}{}% 67
